[0m19:09:18.134258 [debug] [MainThread]: Sending event: {'category': 'dbt', 'action': 'invocation', 'label': 'start', 'context': [<snowplow_tracker.self_describing_json.SelfDescribingJson object at 0x0000022544B2B260>, <snowplow_tracker.self_describing_json.SelfDescribingJson object at 0x0000022543E13470>, <snowplow_tracker.self_describing_json.SelfDescribingJson object at 0x0000022544B2B320>]}


============================== 19:09:18.134258 | f0c96905-89ab-4f34-bd46-9b03da7308d5 ==============================
[0m19:09:18.134258 [info ] [MainThread]: Running with dbt=1.11.7
[0m19:09:18.134258 [debug] [MainThread]: running dbt with arguments {'static_parser': 'True', 'no_print': 'None', 'version_check': 'True', 'target_path': 'None', 'warn_error_options': 'WarnErrorOptionsV2(error=[], warn=[], silence=[])', 'printer_width': '80', 'write_json': 'True', 'introspect': 'True', 'log_cache_events': 'False', 'empty': 'None', 'cache_selected_only': 'False', 'log_format': 'default', 'debug': 'False', 'fail_fast': 'False', 'profiles_dir': 'C:\\Users\\morga\\tmdb-pipeline\\tmdb_dbt', 'send_anonymous_usage_stats': 'True', 'quiet': 'False', 'warn_error': 'None', 'partial_parse': 'True', 'indirect_selection': 'eager', 'invocation_command': 'dbt debug', 'use_colors': 'True', 'use_experimental_parser': 'False', 'log_path': 'logs'}
[0m19:09:18.165431 [info ] [MainThread]: dbt version: 1.11.7
[0m19:09:18.167459 [info ] [MainThread]: python version: 3.12.10
[0m19:09:18.167459 [info ] [MainThread]: python path: C:\Users\morga\tmdb-pipeline\.venv\Scripts\python.exe
[0m19:09:18.167459 [info ] [MainThread]: os info: Windows-11-10.0.26200-SP0
[0m19:09:18.167459 [error] [MainThread]: Encountered an error:
cannot access local variable 'summary_message' where it is not associated with a value
[0m19:09:18.167459 [error] [MainThread]: Traceback (most recent call last):
  File "C:\Users\morga\tmdb-pipeline\.venv\Lib\site-packages\dbt\cli\requires.py", line 182, in wrapper
    result, success = func(*args, **kwargs)
                      ^^^^^^^^^^^^^^^^^^^^^
  File "C:\Users\morga\tmdb-pipeline\.venv\Lib\site-packages\dbt\cli\requires.py", line 128, in wrapper
    return func(*args, **kwargs)
           ^^^^^^^^^^^^^^^^^^^^^
  File "C:\Users\morga\tmdb-pipeline\.venv\Lib\site-packages\dbt\cli\main.py", line 420, in debug
    results = task.run()
              ^^^^^^^^^^
  File "C:\Users\morga\tmdb-pipeline\.venv\Lib\site-packages\dbt\task\debug.py", line 114, in run
    load_profile_status: SubtaskStatus = self._load_profile()
                                         ^^^^^^^^^^^^^^^^^^^^
  File "C:\Users\morga\tmdb-pipeline\.venv\Lib\site-packages\dbt\task\debug.py", line 201, in _load_profile
    profile_names, summary_message = self._choose_profile_names()
                                     ^^^^^^^^^^^^^^^^^^^^^^^^^^^^
  File "C:\Users\morga\tmdb-pipeline\.venv\Lib\site-packages\dbt\task\debug.py", line 276, in _choose_profile_names
    return profiles, summary_message
                     ^^^^^^^^^^^^^^^
UnboundLocalError: cannot access local variable 'summary_message' where it is not associated with a value

[0m19:09:18.167459 [debug] [MainThread]: Command `dbt debug` failed at 19:09:18.167459 after 0.13 seconds
[0m19:09:18.167459 [debug] [MainThread]: Sending event: {'category': 'dbt', 'action': 'invocation', 'label': 'end', 'context': [<snowplow_tracker.self_describing_json.SelfDescribingJson object at 0x0000022543E13470>, <snowplow_tracker.self_describing_json.SelfDescribingJson object at 0x000002254419E870>, <snowplow_tracker.self_describing_json.SelfDescribingJson object at 0x0000022545B8A180>]}
[0m19:09:18.167459 [debug] [MainThread]: Flushing usage events
[0m19:09:18.831546 [debug] [MainThread]: An error was encountered while trying to flush usage events
[0m19:11:23.170440 [debug] [MainThread]: Sending event: {'category': 'dbt', 'action': 'invocation', 'label': 'start', 'context': [<snowplow_tracker.self_describing_json.SelfDescribingJson object at 0x00000269C3E3F920>, <snowplow_tracker.self_describing_json.SelfDescribingJson object at 0x00000269C3E3D1C0>, <snowplow_tracker.self_describing_json.SelfDescribingJson object at 0x00000269C3E3F1A0>]}


============================== 19:11:23.171894 | 174d1ad8-8d9c-48d0-9ec4-89b47d72693c ==============================
[0m19:11:23.171894 [info ] [MainThread]: Running with dbt=1.11.7
[0m19:11:23.171894 [debug] [MainThread]: running dbt with arguments {'version_check': 'True', 'no_print': 'None', 'static_parser': 'True', 'target_path': 'None', 'warn_error_options': 'WarnErrorOptionsV2(error=[], warn=[], silence=[])', 'printer_width': '80', 'write_json': 'True', 'empty': 'None', 'log_cache_events': 'False', 'introspect': 'True', 'cache_selected_only': 'False', 'log_format': 'default', 'debug': 'False', 'fail_fast': 'False', 'profiles_dir': 'C:\\Users\\morga\\tmdb-pipeline\\tmdb_dbt', 'send_anonymous_usage_stats': 'True', 'quiet': 'False', 'warn_error': 'None', 'partial_parse': 'True', 'use_colors': 'True', 'invocation_command': 'dbt debug', 'indirect_selection': 'eager', 'use_experimental_parser': 'False', 'log_path': 'logs'}
[0m19:11:23.194457 [info ] [MainThread]: dbt version: 1.11.7
[0m19:11:23.196442 [info ] [MainThread]: python version: 3.12.10
[0m19:11:23.197171 [info ] [MainThread]: python path: C:\Users\morga\tmdb-pipeline\.venv\Scripts\python.exe
[0m19:11:23.197472 [info ] [MainThread]: os info: Windows-11-10.0.26200-SP0
[0m19:11:23.204719 [error] [MainThread]: Encountered an error:
Parsing Error
  Env var required but not provided: 'SF_USER'
[0m19:11:23.205624 [debug] [MainThread]: Command `dbt debug` failed at 19:11:23.205624 after 0.21 seconds
[0m19:11:23.205624 [debug] [MainThread]: Sending event: {'category': 'dbt', 'action': 'invocation', 'label': 'end', 'context': [<snowplow_tracker.self_describing_json.SelfDescribingJson object at 0x00000269C4182F30>, <snowplow_tracker.self_describing_json.SelfDescribingJson object at 0x00000269C41B73B0>, <snowplow_tracker.self_describing_json.SelfDescribingJson object at 0x00000269C464BCE0>]}
[0m19:11:23.205624 [debug] [MainThread]: Flushing usage events
[0m19:11:23.721659 [debug] [MainThread]: An error was encountered while trying to flush usage events
[0m19:18:59.794073 [debug] [MainThread]: Sending event: {'category': 'dbt', 'action': 'invocation', 'label': 'start', 'context': [<snowplow_tracker.self_describing_json.SelfDescribingJson object at 0x0000015A20374F80>, <snowplow_tracker.self_describing_json.SelfDescribingJson object at 0x0000015A1ACE9CA0>, <snowplow_tracker.self_describing_json.SelfDescribingJson object at 0x0000015A20D06510>]}


============================== 19:18:59.794073 | bc068c60-1477-4dbb-84e4-cabe8ab289fa ==============================
[0m19:18:59.794073 [info ] [MainThread]: Running with dbt=1.11.7
[0m19:18:59.794073 [debug] [MainThread]: running dbt with arguments {'static_parser': 'True', 'no_print': 'None', 'version_check': 'True', 'warn_error_options': 'WarnErrorOptionsV2(error=[], warn=[], silence=[])', 'target_path': 'None', 'printer_width': '80', 'write_json': 'True', 'empty': 'None', 'log_cache_events': 'False', 'introspect': 'True', 'cache_selected_only': 'False', 'fail_fast': 'False', 'debug': 'False', 'log_format': 'default', 'partial_parse': 'True', 'send_anonymous_usage_stats': 'True', 'quiet': 'False', 'warn_error': 'None', 'profiles_dir': 'C:\\Users\\morga\\tmdb-pipeline\\tmdb_dbt', 'use_colors': 'True', 'invocation_command': 'dbt debug', 'indirect_selection': 'eager', 'use_experimental_parser': 'False', 'log_path': 'logs'}
[0m19:18:59.818278 [info ] [MainThread]: dbt version: 1.11.7
[0m19:18:59.818278 [info ] [MainThread]: python version: 3.12.10
[0m19:18:59.818278 [info ] [MainThread]: python path: C:\Users\morga\tmdb-pipeline\.venv\Scripts\python.exe
[0m19:18:59.818278 [info ] [MainThread]: os info: Windows-11-10.0.26200-SP0
[0m19:19:00.760854 [debug] [MainThread]: Snowflake adapter: Setting snowflake.connector to ERROR (file logging only)
[0m19:19:00.760854 [debug] [MainThread]: Snowflake adapter: Setting botocore to ERROR (file logging only)
[0m19:19:00.760854 [debug] [MainThread]: Snowflake adapter: Setting boto3 to ERROR (file logging only)
[0m19:19:00.827197 [info ] [MainThread]: Using profiles dir at C:\Users\morga\tmdb-pipeline\tmdb_dbt
[0m19:19:00.827843 [info ] [MainThread]: Using profiles.yml file at C:\Users\morga\tmdb-pipeline\tmdb_dbt\profiles.yml
[0m19:19:00.827843 [info ] [MainThread]: Using dbt_project.yml file at C:\Users\morga\tmdb-pipeline\tmdb_dbt\dbt_project.yml
[0m19:19:00.827843 [info ] [MainThread]: adapter type: snowflake
[0m19:19:00.827843 [info ] [MainThread]: adapter version: 1.11.3
[0m19:19:00.827843 [info ] [MainThread]: Configuration:
[0m19:19:00.827843 [info ] [MainThread]:   profiles.yml file [[32mOK found and valid[0m]
[0m19:19:00.827843 [info ] [MainThread]:   dbt_project.yml file [[31mERROR invalid[0m]
[0m19:19:00.834208 [info ] [MainThread]: Required dependencies:
[0m19:19:00.834208 [debug] [MainThread]: Executing "git --help"
[0m19:19:00.889194 [debug] [MainThread]: STDOUT: "b"usage: git [-v | --version] [-h | --help] [-C <path>] [-c <name>=<value>]\n           [--exec-path[=<path>]] [--html-path] [--man-path] [--info-path]\n           [-p | --paginate | -P | --no-pager] [--no-replace-objects] [--no-lazy-fetch]\n           [--no-optional-locks] [--no-advice] [--bare] [--git-dir=<path>]\n           [--work-tree=<path>] [--namespace=<name>] [--config-env=<name>=<envvar>]\n           <command> [<args>]\n\nThese are common Git commands used in various situations:\n\nstart a working area (see also: git help tutorial)\n   clone      Clone a repository into a new directory\n   init       Create an empty Git repository or reinitialize an existing one\n\nwork on the current change (see also: git help everyday)\n   add        Add file contents to the index\n   mv         Move or rename a file, a directory, or a symlink\n   restore    Restore working tree files\n   rm         Remove files from the working tree and from the index\n\nexamine the history and state (see also: git help revisions)\n   bisect     Use binary search to find the commit that introduced a bug\n   diff       Show changes between commits, commit and working tree, etc\n   grep       Print lines matching a pattern\n   log        Show commit logs\n   show       Show various types of objects\n   status     Show the working tree status\n\ngrow, mark and tweak your common history\n   backfill   Download missing objects in a partial clone\n   branch     List, create, or delete branches\n   commit     Record changes to the repository\n   merge      Join two or more development histories together\n   rebase     Reapply commits on top of another base tip\n   reset      Set `HEAD` or the index to a known state\n   switch     Switch branches\n   tag        Create, list, delete or verify tags\n\ncollaborate (see also: git help workflows)\n   fetch      Download objects and refs from another repository\n   pull       Fetch from and integrate with another repository or a local branch\n   push       Update remote refs along with associated objects\n\n'git help -a' and 'git help -g' list available subcommands and some\nconcept guides. See 'git help <command>' or 'git help <concept>'\nto read about a specific subcommand or concept.\nSee 'git help git' for an overview of the system.\n""
[0m19:19:00.890274 [debug] [MainThread]: STDERR: "b''"
[0m19:19:00.891277 [info ] [MainThread]:  - git [[32mOK found[0m]

[0m19:19:00.892198 [info ] [MainThread]: Connection:
[0m19:19:00.893191 [info ] [MainThread]:   account: wmxybwc-sl89298
[0m19:19:00.894192 [info ] [MainThread]:   user: morganmicah200
[0m19:19:00.895197 [info ] [MainThread]:   database: TMDB
[0m19:19:00.895197 [info ] [MainThread]:   warehouse: COMPUTE_WH
[0m19:19:00.896196 [info ] [MainThread]:   role: ACCOUNTADMIN
[0m19:19:00.897193 [info ] [MainThread]:   schema: ANALYTICS
[0m19:19:00.898195 [info ] [MainThread]:   authenticator: None
[0m19:19:00.899194 [info ] [MainThread]:   oauth_client_id: None
[0m19:19:00.899552 [info ] [MainThread]:   query_tag: None
[0m19:19:00.900554 [info ] [MainThread]:   client_session_keep_alive: False
[0m19:19:00.901553 [info ] [MainThread]:   host: None
[0m19:19:00.901553 [info ] [MainThread]:   port: None
[0m19:19:00.902557 [info ] [MainThread]:   proxy_host: None
[0m19:19:00.903553 [info ] [MainThread]:   proxy_port: None
[0m19:19:00.904556 [info ] [MainThread]:   protocol: None
[0m19:19:00.905555 [info ] [MainThread]:   connect_retries: 1
[0m19:19:00.906557 [info ] [MainThread]:   connect_timeout: None
[0m19:19:00.906557 [info ] [MainThread]:   retry_on_database_errors: False
[0m19:19:00.907558 [info ] [MainThread]:   retry_all: False
[0m19:19:00.908560 [info ] [MainThread]:   insecure_mode: False
[0m19:19:00.909434 [info ] [MainThread]:   reuse_connections: True
[0m19:19:00.910573 [info ] [MainThread]:   s3_stage_vpce_dns_name: None
[0m19:19:00.911588 [info ] [MainThread]:   platform_detection_timeout_seconds: 0.0
[0m19:19:00.912585 [info ] [MainThread]: Registered adapter: snowflake=1.11.3
[0m19:19:01.378893 [debug] [MainThread]: Acquiring new snowflake connection 'debug'
[0m19:19:01.599578 [debug] [MainThread]: Using snowflake connection "debug"
[0m19:19:01.600845 [debug] [MainThread]: On debug: select 1 as id
[0m19:19:01.601487 [debug] [MainThread]: Opening a new connection, currently in state init
[0m19:19:02.913721 [debug] [MainThread]: SQL status: SUCCESS 1 in 1.312 seconds
[0m19:19:02.914950 [info ] [MainThread]:   Connection test: [[32mOK connection ok[0m]

[0m19:19:02.914950 [info ] [MainThread]: [31m1 check failed:[0m
[0m19:19:02.915955 [info ] [MainThread]: Project loading failed for the following reason:
Runtime Error
  dbt_project.yml does not parse to a dictionary


[0m19:19:02.915955 [debug] [MainThread]: Command `dbt debug` failed at 19:19:02.915955 after 3.31 seconds
[0m19:19:02.915955 [debug] [MainThread]: Connection 'debug' was left open.
[0m19:19:02.917433 [debug] [MainThread]: On debug: Close
[0m19:19:03.046513 [debug] [MainThread]: Sending event: {'category': 'dbt', 'action': 'invocation', 'label': 'end', 'context': [<snowplow_tracker.self_describing_json.SelfDescribingJson object at 0x0000015A2118B140>, <snowplow_tracker.self_describing_json.SelfDescribingJson object at 0x0000015A30AEAEA0>, <snowplow_tracker.self_describing_json.SelfDescribingJson object at 0x0000015A20374F80>]}
[0m19:19:03.047514 [debug] [MainThread]: Flushing usage events
[0m19:19:03.615345 [debug] [MainThread]: An error was encountered while trying to flush usage events
[0m19:19:39.871092 [debug] [MainThread]: Sending event: {'category': 'dbt', 'action': 'invocation', 'label': 'start', 'context': [<snowplow_tracker.self_describing_json.SelfDescribingJson object at 0x000001E84B0E10D0>, <snowplow_tracker.self_describing_json.SelfDescribingJson object at 0x000001E84AD3E6C0>, <snowplow_tracker.self_describing_json.SelfDescribingJson object at 0x000001E84AD3D010>]}


============================== 19:19:39.871092 | 704b315f-bb12-4f47-ab62-0b7f50a247f0 ==============================
[0m19:19:39.871092 [info ] [MainThread]: Running with dbt=1.11.7
[0m19:19:39.871092 [debug] [MainThread]: running dbt with arguments {'static_parser': 'True', 'no_print': 'None', 'version_check': 'True', 'warn_error_options': 'WarnErrorOptionsV2(error=[], warn=[], silence=[])', 'target_path': 'None', 'printer_width': '80', 'write_json': 'True', 'introspect': 'True', 'log_cache_events': 'False', 'empty': 'None', 'cache_selected_only': 'False', 'fail_fast': 'False', 'debug': 'False', 'log_format': 'default', 'partial_parse': 'True', 'send_anonymous_usage_stats': 'True', 'quiet': 'False', 'warn_error': 'None', 'profiles_dir': 'C:\\Users\\morga\\tmdb-pipeline\\tmdb_dbt', 'indirect_selection': 'eager', 'invocation_command': 'dbt debug', 'use_colors': 'True', 'use_experimental_parser': 'False', 'log_path': 'C:\\Users\\morga\\tmdb-pipeline\\tmdb_dbt\\logs'}
[0m19:19:39.892301 [info ] [MainThread]: dbt version: 1.11.7
[0m19:19:39.892301 [info ] [MainThread]: python version: 3.12.10
[0m19:19:39.893299 [info ] [MainThread]: python path: C:\Users\morga\tmdb-pipeline\.venv\Scripts\python.exe
[0m19:19:39.895203 [info ] [MainThread]: os info: Windows-11-10.0.26200-SP0
[0m19:19:40.737730 [debug] [MainThread]: Snowflake adapter: Setting snowflake.connector to ERROR (file logging only)
[0m19:19:40.737730 [debug] [MainThread]: Snowflake adapter: Setting botocore to ERROR (file logging only)
[0m19:19:40.737730 [debug] [MainThread]: Snowflake adapter: Setting boto3 to ERROR (file logging only)
[0m19:19:40.805774 [info ] [MainThread]: Using profiles dir at C:\Users\morga\tmdb-pipeline\tmdb_dbt
[0m19:19:40.805774 [info ] [MainThread]: Using profiles.yml file at C:\Users\morga\tmdb-pipeline\tmdb_dbt\profiles.yml
[0m19:19:40.805774 [info ] [MainThread]: Using dbt_project.yml file at C:\Users\morga\tmdb-pipeline\tmdb_dbt\dbt_project.yml
[0m19:19:40.805774 [info ] [MainThread]: adapter type: snowflake
[0m19:19:40.805774 [info ] [MainThread]: adapter version: 1.11.3
[0m19:19:40.922285 [info ] [MainThread]: Configuration:
[0m19:19:40.922285 [info ] [MainThread]:   profiles.yml file [[32mOK found and valid[0m]
[0m19:19:40.922285 [info ] [MainThread]:   dbt_project.yml file [[32mOK found and valid[0m]
[0m19:19:40.922285 [info ] [MainThread]: Required dependencies:
[0m19:19:40.922285 [debug] [MainThread]: Executing "git --help"
[0m19:19:40.972273 [debug] [MainThread]: STDOUT: "b"usage: git [-v | --version] [-h | --help] [-C <path>] [-c <name>=<value>]\n           [--exec-path[=<path>]] [--html-path] [--man-path] [--info-path]\n           [-p | --paginate | -P | --no-pager] [--no-replace-objects] [--no-lazy-fetch]\n           [--no-optional-locks] [--no-advice] [--bare] [--git-dir=<path>]\n           [--work-tree=<path>] [--namespace=<name>] [--config-env=<name>=<envvar>]\n           <command> [<args>]\n\nThese are common Git commands used in various situations:\n\nstart a working area (see also: git help tutorial)\n   clone      Clone a repository into a new directory\n   init       Create an empty Git repository or reinitialize an existing one\n\nwork on the current change (see also: git help everyday)\n   add        Add file contents to the index\n   mv         Move or rename a file, a directory, or a symlink\n   restore    Restore working tree files\n   rm         Remove files from the working tree and from the index\n\nexamine the history and state (see also: git help revisions)\n   bisect     Use binary search to find the commit that introduced a bug\n   diff       Show changes between commits, commit and working tree, etc\n   grep       Print lines matching a pattern\n   log        Show commit logs\n   show       Show various types of objects\n   status     Show the working tree status\n\ngrow, mark and tweak your common history\n   backfill   Download missing objects in a partial clone\n   branch     List, create, or delete branches\n   commit     Record changes to the repository\n   merge      Join two or more development histories together\n   rebase     Reapply commits on top of another base tip\n   reset      Set `HEAD` or the index to a known state\n   switch     Switch branches\n   tag        Create, list, delete or verify tags\n\ncollaborate (see also: git help workflows)\n   fetch      Download objects and refs from another repository\n   pull       Fetch from and integrate with another repository or a local branch\n   push       Update remote refs along with associated objects\n\n'git help -a' and 'git help -g' list available subcommands and some\nconcept guides. See 'git help <command>' or 'git help <concept>'\nto read about a specific subcommand or concept.\nSee 'git help git' for an overview of the system.\n""
[0m19:19:40.972273 [debug] [MainThread]: STDERR: "b''"
[0m19:19:40.972273 [info ] [MainThread]:  - git [[32mOK found[0m]

[0m19:19:40.972273 [info ] [MainThread]: Connection:
[0m19:19:40.975867 [info ] [MainThread]:   account: wmxybwc-sl89298
[0m19:19:40.975867 [info ] [MainThread]:   user: morganmicah200
[0m19:19:40.975867 [info ] [MainThread]:   database: TMDB
[0m19:19:40.975867 [info ] [MainThread]:   warehouse: COMPUTE_WH
[0m19:19:40.977879 [info ] [MainThread]:   role: ACCOUNTADMIN
[0m19:19:40.977879 [info ] [MainThread]:   schema: ANALYTICS
[0m19:19:40.977879 [info ] [MainThread]:   authenticator: None
[0m19:19:40.979892 [info ] [MainThread]:   oauth_client_id: None
[0m19:19:40.981903 [info ] [MainThread]:   query_tag: None
[0m19:19:40.983915 [info ] [MainThread]:   client_session_keep_alive: False
[0m19:19:40.983915 [info ] [MainThread]:   host: None
[0m19:19:40.985416 [info ] [MainThread]:   port: None
[0m19:19:40.985416 [info ] [MainThread]:   proxy_host: None
[0m19:19:40.986639 [info ] [MainThread]:   proxy_port: None
[0m19:19:40.987636 [info ] [MainThread]:   protocol: None
[0m19:19:40.988636 [info ] [MainThread]:   connect_retries: 1
[0m19:19:40.989638 [info ] [MainThread]:   connect_timeout: None
[0m19:19:40.990639 [info ] [MainThread]:   retry_on_database_errors: False
[0m19:19:40.991038 [info ] [MainThread]:   retry_all: False
[0m19:19:40.992278 [info ] [MainThread]:   insecure_mode: False
[0m19:19:40.992278 [info ] [MainThread]:   reuse_connections: True
[0m19:19:40.992278 [info ] [MainThread]:   s3_stage_vpce_dns_name: None
[0m19:19:40.994664 [info ] [MainThread]:   platform_detection_timeout_seconds: 0.0
[0m19:19:40.994664 [info ] [MainThread]: Registered adapter: snowflake=1.11.3
[0m19:19:41.289907 [debug] [MainThread]: Acquiring new snowflake connection 'debug'
[0m19:19:41.322768 [debug] [MainThread]: Using snowflake connection "debug"
[0m19:19:41.322768 [debug] [MainThread]: On debug: select 1 as id
[0m19:19:41.322768 [debug] [MainThread]: Opening a new connection, currently in state init
[0m19:19:42.095713 [debug] [MainThread]: SQL status: SUCCESS 1 in 0.760 seconds
[0m19:19:42.096712 [info ] [MainThread]:   Connection test: [[32mOK connection ok[0m]

[0m19:19:42.097712 [info ] [MainThread]: [32mAll checks passed![0m
[0m19:19:42.098760 [debug] [MainThread]: Command `dbt debug` succeeded at 19:19:42.097712 after 2.38 seconds
[0m19:19:42.098760 [debug] [MainThread]: Connection 'debug' was left open.
[0m19:19:42.098760 [debug] [MainThread]: On debug: Close
[0m19:19:42.290878 [debug] [MainThread]: Sending event: {'category': 'dbt', 'action': 'invocation', 'label': 'end', 'context': [<snowplow_tracker.self_describing_json.SelfDescribingJson object at 0x000001E84B0E10D0>, <snowplow_tracker.self_describing_json.SelfDescribingJson object at 0x000001E85DCE6AE0>, <snowplow_tracker.self_describing_json.SelfDescribingJson object at 0x000001E85DB706B0>]}
[0m19:19:42.290878 [debug] [MainThread]: Flushing usage events
[0m19:19:42.774458 [debug] [MainThread]: An error was encountered while trying to flush usage events
